

*******************************************************************************
Thu Mar 21 09:39:25 2019


FIT:    data read from "time.txt"
        format = z
        #datapoints = 250
        residuals are weighted equally (unit weight)

function used for fitting: f(x)
	f(x)=a*x
fitted parameters initialized with current variable values

iter      chisq       delta/lim  lambda   a            
   0 3.6229670336e+08  0.00e+00 5.77e+02  1.000000e+00
   3 4.3512212564e+04 -2.11e-05 5.77e-01  3.084959e+00

After 3 iterations the fit converged.
final sum of squares of residuals : 43512.2
rel. change during last iteration : -2.11416e-010

degrees of freedom    (FIT_NDF)                        : 249
rms of residuals      (FIT_STDFIT) = sqrt(WSSR/ndf)    : 13.2192
variance of residuals (reduced chisquare) = WSSR/ndf   : 174.748

Final set of parameters            Asymptotic Standard Error
=======================            ==========================
a               = 3.08496          +/- 0.001448     (0.04694%)


*******************************************************************************
Thu Mar 21 09:42:59 2019


FIT:    data read from "time.txt"
        format = z
        #datapoints = 125
        residuals are weighted equally (unit weight)

function used for fitting: f(x)
	f(x)=a*x
fitted parameters initialized with current variable values

iter      chisq       delta/lim  lambda   a            
   0 4.5985782239e+04  0.00e+00 8.91e+02  3.084959e+00
   3 3.2013347549e+04 -1.76e-08 8.91e-01  3.048335e+00

After 3 iterations the fit converged.
final sum of squares of residuals : 32013.3
rel. change during last iteration : -1.76027e-013

degrees of freedom    (FIT_NDF)                        : 124
rms of residuals      (FIT_STDFIT) = sqrt(WSSR/ndf)    : 16.0677
variance of residuals (reduced chisquare) = WSSR/ndf   : 258.172

Final set of parameters            Asymptotic Standard Error
=======================            ==========================
a               = 3.04833          +/- 0.004978     (0.1633%)


*******************************************************************************
Thu Mar 21 09:43:03 2019


FIT:    data read from "time.txt"
        format = z
        #datapoints = 125
        residuals are weighted equally (unit weight)

function used for fitting: f(x)
	f(x)=a*x
fitted parameters initialized with current variable values

iter      chisq       delta/lim  lambda   a            
   0 3.2013347549e+04  0.00e+00 8.80e+02  3.048335e+00
   1 3.2013347549e+04 -3.41e-11 8.80e+01  3.048335e+00

After 1 iterations the fit converged.
final sum of squares of residuals : 32013.3
rel. change during last iteration : -3.40918e-016

degrees of freedom    (FIT_NDF)                        : 124
rms of residuals      (FIT_STDFIT) = sqrt(WSSR/ndf)    : 16.0677
variance of residuals (reduced chisquare) = WSSR/ndf   : 258.172

Final set of parameters            Asymptotic Standard Error
=======================            ==========================
a               = 3.04833          +/- 0.004978     (0.1633%)


*******************************************************************************
Thu Mar 21 09:44:21 2019


FIT:    data read from "time.txt"
        format = z
        #datapoints = 125
        residuals are weighted equally (unit weight)

function used for fitting: f(x)
	f(x)=a*x
fitted parameters initialized with current variable values

iter      chisq       delta/lim  lambda   a            
   0 5.9569758248e+04  0.00e+00 8.80e+02  3.048335e+00
   3 4.8422329959e+04 -9.21e-09 8.80e-01  3.015621e+00

After 3 iterations the fit converged.
final sum of squares of residuals : 48422.3
rel. change during last iteration : -9.21096e-014

degrees of freedom    (FIT_NDF)                        : 124
rms of residuals      (FIT_STDFIT) = sqrt(WSSR/ndf)    : 19.7611
variance of residuals (reduced chisquare) = WSSR/ndf   : 390.503

Final set of parameters            Asymptotic Standard Error
=======================            ==========================
a               = 3.01562          +/- 0.006123     (0.203%)
