

*******************************************************************************
Thu Apr 25 10:11:44 2019


FIT:    data read from "sz.dat"
        format = z
        #datapoints = 120
        residuals are weighted equally (unit weight)

function used for fitting: f(x)
	f(x)=a*x+b
fitted parameters initialized with current variable values

iter      chisq       delta/lim  lambda   a             b            
   0 4.9611128006e+05  0.00e+00 5.18e+01  1.000000e+00  1.000000e+00
   5 3.2335311681e-01 -2.52e-06 5.18e-04  1.355184e-01 -1.401977e-01

After 5 iterations the fit converged.
final sum of squares of residuals : 0.323353
rel. change during last iteration : -2.52157e-011

degrees of freedom    (FIT_NDF)                        : 118
rms of residuals      (FIT_STDFIT) = sqrt(WSSR/ndf)    : 0.0523477
variance of residuals (reduced chisquare) = WSSR/ndf   : 0.00274028

Final set of parameters            Asymptotic Standard Error
=======================            ==========================
a               = 0.135518         +/- 0.000138     (0.1018%)
b               = -0.140198        +/- 0.0101       (7.204%)

correlation matrix of the fit parameters:
                a      b      
a               1.000 
b              -0.881  1.000 


*******************************************************************************
Thu Apr 25 10:24:43 2019


FIT:    data read from "sz.dat"
        format = z
        #datapoints = 120
        residuals are weighted equally (unit weight)

function used for fitting: f(x)
	f(x)=a*x+b
fitted parameters initialized with current variable values

iter      chisq       delta/lim  lambda   a             b            
   0 3.4363232627e+04  0.00e+00 7.02e+00  1.355184e-01 -1.401977e-01
   4 8.6958548235e+00 -2.85e-02 7.02e-04  3.674175e-01 -2.060973e-01

After 4 iterations the fit converged.
final sum of squares of residuals : 8.69585
rel. change during last iteration : -2.85132e-007

degrees of freedom    (FIT_NDF)                        : 118
rms of residuals      (FIT_STDFIT) = sqrt(WSSR/ndf)    : 0.271466
variance of residuals (reduced chisquare) = WSSR/ndf   : 0.0736937

Final set of parameters            Asymptotic Standard Error
=======================            ==========================
a               = 0.367418         +/- 0.0007154    (0.1947%)
b               = -0.206097        +/- 0.05238      (25.41%)

correlation matrix of the fit parameters:
                a      b      
a               1.000 
b              -0.881  1.000 


*******************************************************************************
Thu Apr 25 10:27:07 2019


FIT:    data read from "sz.dat"
        format = z
        #datapoints = 120
        residuals are weighted equally (unit weight)

function used for fitting: f(x)
	f(x)=a*x+b
fitted parameters initialized with current variable values

iter      chisq       delta/lim  lambda   a             b            
   0 1.0842496220e+00  0.00e+00 1.90e+01  3.674175e-01 -2.060973e-01
   4 7.1142407245e-01 -4.58e-02 1.90e-03  3.681213e-01 -2.013676e-01

After 4 iterations the fit converged.
final sum of squares of residuals : 0.711424
rel. change during last iteration : -4.57791e-007

degrees of freedom    (FIT_NDF)                        : 118
rms of residuals      (FIT_STDFIT) = sqrt(WSSR/ndf)    : 0.0776467
variance of residuals (reduced chisquare) = WSSR/ndf   : 0.00602902

Final set of parameters            Asymptotic Standard Error
=======================            ==========================
a               = 0.368121         +/- 0.0002046    (0.05559%)
b               = -0.201368        +/- 0.01498      (7.44%)

correlation matrix of the fit parameters:
                a      b      
a               1.000 
b              -0.881  1.000 


*******************************************************************************
Thu Apr 25 10:34:41 2019


FIT:    data read from "sz.dat"
        format = z
        #datapoints = 120
        residuals are weighted equally (unit weight)

function used for fitting: f(x)
	f(x)=a*x+b
fitted parameters initialized with current variable values

iter      chisq       delta/lim  lambda   a            
   0 7.1142407245e-01  0.00e+00 2.70e+01  3.681213e-01
   1 7.1142407245e-01  0.00e+00 2.70e+03  3.681213e-01

After 1 iterations the fit converged.
final sum of squares of residuals : 0.711424
rel. change during last iteration : 0

degrees of freedom    (FIT_NDF)                        : 119
rms of residuals      (FIT_STDFIT) = sqrt(WSSR/ndf)    : 0.0773198
variance of residuals (reduced chisquare) = WSSR/ndf   : 0.00597835

Final set of parameters            Asymptotic Standard Error
=======================            ==========================
a               = 0.368121         +/- 9.641e-005   (0.02619%)
